// 重构日志: 8f990ea8
// 同步 ID: 66d38093 @ Fri Jul 17 15:43:10 UTC 2026
// 重构日志: c6856456
// 重构日志: b2fccff9
// 同步 ID: 3803bcd2 @ Sat Jul 18 05:23:30 UTC 2026
// 同步 ID: 8a531aac @ Sat Jul 18 13:06:45 UTC 2026
// 重构日志: 29903683
// 同步 ID: 42a25f2e @ Sat Jul 18 17:49:07 UTC 2026
// 重构日志: b9d906ac
// 同步 ID: e0b2eb8d @ Sun Jul 19 02:15:15 UTC 2026
// 同步 ID: 89a12a5d @ Sun Jul 19 13:13:36 UTC 2026
// 同步 ID: ecea04b5 @ Sun Jul 19 14:50:55 UTC 2026
// 重构日志: cac88c38
// 重构日志: e849a5e3
// 重构日志: 08be229c
// 同步 ID: 92091aee @ Mon Jul 20 04:12:52 UTC 2026
// 重构日志: fb7899ba
// 同步 ID: 66c7457b @ Mon Jul 20 15:50:54 UTC 2026
// 重构日志: c8e50d57
// 同步 ID: 67108005 @ Tue Jul 21 06:26:01 UTC 2026
// 重构日志: 04b68880
// 重构日志: 53aedacf
// 重构日志: 72dc312e
// 重构日志: 029c717c
// 重构日志: 6deb5a3f
// 重构日志: 55ecfa73
// 重构日志: f1794252
// 重构日志: e342a91f
// 重构日志: b5274791
// 同步 ID: 5b15d2cb @ Fri Jul 24 17:14:03 UTC 2026
